#
# There is insufficient memory for the Java Runtime Environment to continue.
# Native memory allocation (malloc) failed to allocate 1048576 bytes for AllocateHeap
# Possible reasons:
#   The system is out of physical RAM or swap space
#   The process is running with CompressedOops enabled, and the Java Heap may be blocking the growth of the native heap
# Possible solutions:
#   Reduce memory load on the system
#   Increase physical memory or swap space
#   Check if swap backing store is full
#   Decrease Java heap size (-Xmx/-Xms)
#   Decrease number of Java threads
#   Decrease Java thread stack sizes (-Xss)
#   Set larger code cache with -XX:ReservedCodeCacheSize=
# This output file may be truncated or incomplete.
#
#  Out of Memory Error (./src/hotspot/share/memory/allocation.cpp:46), pid=56672, tid=39216
#
# JRE version:  (11.0.8+10) (build )
# Java VM: OpenJDK 64-Bit Server VM (11.0.8+10-b944.34, mixed mode, sharing, tiered, compressed oops, g1 gc, windows-amd64)
# No core dump will be written. Minidumps are not enabled by default on client versions of Windows
#

---------------  S U M M A R Y ------------

Command Line: org.jetbrains.git4idea.http.GitAskPassApp Username for 'https://github.com': 

Host: AMD Ryzen 5 3500U with Radeon Vega Mobile Gfx  , 8 cores, 5G,  Windows 10 , 64 bit Build 19041 (10.0.19041.804)
Time: Mon Apr 19 00:25:09 2021 Paris, Madrid (heure d’été) elapsed time: 0 seconds (0d 0h 0m 0s)

---------------  T H R E A D  ---------------

Current thread (0x00000187a916f000):  JavaThread "Unknown thread" [_thread_in_vm, id=39216, stack(0x0000005d50500000,0x0000005d50600000)]

Stack: [0x0000005d50500000,0x0000005d50600000]
Native frames: (J=compiled Java code, j=interpreted, Vv=VM code, C=native code)
V  [jvm.dll+0x5de35a]
V  [jvm.dll+0x712355]
V  [jvm.dll+0x7138ad]
V  [jvm.dll+0x713f63]
V  [jvm.dll+0x23e628]
V  [jvm.dll+0xb0334]
V  [jvm.dll+0x2ddb32]
V  [jvm.dll+0x2d6d4a]
V  [jvm.dll+0x6f10e7]
V  [jvm.dll+0x6f28dc]
V  [jvm.dll+0x3558f9]
V  [jvm.dll+0x6d492e]
V  [jvm.dll+0x3bdad3]
V  [jvm.dll+0x3bfd01]
C  [jli.dll+0x5373]
C  [ucrtbase.dll+0x21bb2]
C  [KERNEL32.DLL+0x17034]
C  [ntdll.dll+0x52651]


---------------  P R O C E S S  ---------------

Threads class SMR info:
_java_thread_list=0x00000187a7082bf0, length=0, elements={
}

Java Threads: ( => current thread )

Other Threads:
  0x00000187a9185000 GCTaskThread "GC Thread#0" [stack: 0x0000005d50600000,0x0000005d50700000] [id=47116]

[error occurred during error reporting (printing all threads), id 0xc0000005, EXCEPTION_ACCESS_VIOLATION (0xc0000005) at pc=0x00007ffebea12e90]

VM state:not at safepoint (not fully initialized)

VM Mutex/Monitor currently owned by a thread:  ([mutex/lock_event])
[0x00000187a916bdf0] Heap_lock - owner thread: 0x00000187a916f000

Heap address: 0x00000000a1e00000, size: 1506 MB, Compressed Oops mode: Non-zero based: 0x00000000a1e00000
Narrow klass base: 0x0000000000000000, Narrow klass shift: 0

GC Heap History (0 events):
No events

Deoptimization events (0 events):
No events

Classes redefined (0 events):
No events

Internal exceptions (0 events):
No events

Events (1 events):
Event: 0.014 Loaded shared library C:\Program Files\JetBrains\PhpStorm 2020.2.3\jbr\bin\zip.dll


Dynamic libraries:
0x00007ff7cb060000 - 0x00007ff7cb06a000 	C:\Program Files\JetBrains\PhpStorm 2020.2.3\jbr\bin\java.exe
0x00007ffefa570000 - 0x00007ffefa765000 	C:\WINDOWS\SYSTEM32\ntdll.dll
0x00007ffef8760000 - 0x00007ffef881d000 	C:\WINDOWS\System32\KERNEL32.DLL
0x00007ffef8300000 - 0x00007ffef85c9000 	C:\WINDOWS\System32\KERNELBASE.dll
0x00007ffef7f90000 - 0x00007ffef8090000 	C:\WINDOWS\System32\ucrtbase.dll
0x00007ffef1aa0000 - 0x00007ffef1ab9000 	C:\Program Files\JetBrains\PhpStorm 2020.2.3\jbr\bin\jli.dll
0x00007ffef1a80000 - 0x00007ffef1a97000 	C:\Program Files\JetBrains\PhpStorm 2020.2.3\jbr\bin\VCRUNTIME140.dll
0x00007ffefa390000 - 0x00007ffefa530000 	C:\WINDOWS\System32\USER32.dll
0x00007ffef8090000 - 0x00007ffef80b2000 	C:\WINDOWS\System32\win32u.dll
0x00007ffee1210000 - 0x00007ffee14aa000 	C:\WINDOWS\WinSxS\amd64_microsoft.windows.common-controls_6595b64144ccf1df_6.0.19041.844_none_ca00b6081b84eb1d\COMCTL32.dll
0x00007ffef9220000 - 0x00007ffef924a000 	C:\WINDOWS\System32\GDI32.dll
0x00007ffef9110000 - 0x00007ffef91ae000 	C:\WINDOWS\System32\msvcrt.dll
0x00007ffef7cb0000 - 0x00007ffef7dbb000 	C:\WINDOWS\System32\gdi32full.dll
0x00007ffef7e70000 - 0x00007ffef7f0d000 	C:\WINDOWS\System32\msvcp_win.dll
0x00007ffef9080000 - 0x00007ffef90b0000 	C:\WINDOWS\System32\IMM32.DLL
0x00007ffecb5b0000 - 0x00007ffecb64d000 	C:\Program Files\JetBrains\PhpStorm 2020.2.3\jbr\bin\msvcp140.dll
0x00007ffebe730000 - 0x00007ffebf1ed000 	C:\Program Files\JetBrains\PhpStorm 2020.2.3\jbr\bin\server\jvm.dll
0x00007ffef8e40000 - 0x00007ffef8eec000 	C:\WINDOWS\System32\ADVAPI32.dll
0x00007ffef85e0000 - 0x00007ffef867c000 	C:\WINDOWS\System32\sechost.dll
0x00007ffef8ef0000 - 0x00007ffef901b000 	C:\WINDOWS\System32\RPCRT4.dll
0x00007ffef95b0000 - 0x00007ffef95b8000 	C:\WINDOWS\System32\PSAPI.DLL
0x00007ffeef290000 - 0x00007ffeef29a000 	C:\WINDOWS\SYSTEM32\VERSION.dll
0x00007ffeef1f0000 - 0x00007ffeef217000 	C:\WINDOWS\SYSTEM32\WINMM.dll
0x00007ffef3430000 - 0x00007ffef3439000 	C:\WINDOWS\SYSTEM32\WSOCK32.dll
0x00007ffef95c0000 - 0x00007ffef962b000 	C:\WINDOWS\System32\WS2_32.dll
0x00007ffef6530000 - 0x00007ffef6542000 	C:\WINDOWS\SYSTEM32\kernel.appcore.dll
0x00007ffeefa00000 - 0x00007ffeefa11000 	C:\Program Files\JetBrains\PhpStorm 2020.2.3\jbr\bin\verify.dll
0x00007ffef5b80000 - 0x00007ffef5d64000 	C:\WINDOWS\SYSTEM32\DBGHELP.DLL
0x00007ffee5550000 - 0x00007ffee557c000 	C:\WINDOWS\SYSTEM32\dbgcore.DLL
0x00007ffef8280000 - 0x00007ffef8300000 	C:\WINDOWS\System32\bcryptPrimitives.dll
0x00007ffeef910000 - 0x00007ffeef939000 	C:\Program Files\JetBrains\PhpStorm 2020.2.3\jbr\bin\java.dll
0x00007ffef33f0000 - 0x00007ffef33fb000 	C:\Program Files\JetBrains\PhpStorm 2020.2.3\jbr\bin\jimage.dll
0x00007ffeef840000 - 0x00007ffeef858000 	C:\Program Files\JetBrains\PhpStorm 2020.2.3\jbr\bin\zip.dll

dbghelp: loaded successfully - version: 4.0.5 - missing functions: none
symbol engine: initialized successfully - sym options: 0x614 - pdb path: .;C:\Program Files\JetBrains\PhpStorm 2020.2.3\jbr\bin;C:\WINDOWS\SYSTEM32;C:\WINDOWS\WinSxS\amd64_microsoft.windows.common-controls_6595b64144ccf1df_6.0.19041.844_none_ca00b6081b84eb1d;C:\Program Files\JetBrains\PhpStorm 2020.2.3\jbr\bin\server

VM Arguments:
java_command: org.jetbrains.git4idea.http.GitAskPassApp Username for 'https://github.com': 
java_class_path (initial): C:/Program Files/JetBrains/PhpStorm 2020.2.3/plugins/git4idea/lib/git4idea-rt.jar;C:/Program Files/JetBrains/PhpStorm 2020.2.3/lib/xmlrpc-2.0.1.jar;C:/Program Files/JetBrains/PhpStorm 2020.2.3/lib/commons-codec-1.14.jar
Launcher Type: SUN_STANDARD

[Global flags]
     intx CICompilerCount                          = 4                                         {product} {ergonomic}
     uint ConcGCThreads                            = 2                                         {product} {ergonomic}
     uint G1ConcRefinementThreads                  = 8                                         {product} {ergonomic}
   size_t G1HeapRegionSize                         = 1048576                                   {product} {ergonomic}
    uintx GCDrainStackTargetSize                   = 64                                        {product} {ergonomic}
   size_t InitialHeapSize                          = 100663296                                 {product} {ergonomic}
   size_t MarkStackSize                            = 4194304                                   {product} {ergonomic}
   size_t MaxHeapSize                              = 1579155456                                {product} {ergonomic}
   size_t MinHeapDeltaBytes                        = 1048576                                   {product} {ergonomic}
    uintx NonNMethodCodeHeapSize                   = 5836300                                {pd product} {ergonomic}
    uintx NonProfiledCodeHeapSize                  = 122910970                              {pd product} {ergonomic}
    uintx ProfiledCodeHeapSize                     = 122910970                              {pd product} {ergonomic}
    uintx ReservedCodeCacheSize                    = 251658240                              {pd product} {ergonomic}
     bool SegmentedCodeCache                       = true                                      {product} {ergonomic}
     bool UseCompressedClassPointers               = true                                 {lp64_product} {ergonomic}
     bool UseCompressedOops                        = true                                 {lp64_product} {ergonomic}
     bool UseG1GC                                  = true                                      {product} {ergonomic}
     bool UseLargePagesIndividualAllocation        = false                                  {pd product} {ergonomic}

Logging:
Log output configuration:
 #0: stdout all=warning uptime,level,tags
 #1: stderr all=off uptime,level,tags

Environment Variables:
JAVA_HOME=C:\Program Files\Java\jdk-11
PATH=C:\Program Files\Git\mingw64\libexec\git-core;C:\Program Files\Git\mingw64\libexec\git-core;C:\Program Files\Git\mingw64\bin;C:\Program Files\Git\usr\bin;C:\Users\yanis\bin;C:\Program Files\Haskell\bin;C:\Program Files\Haskell Platform\8.6.5\lib\extralibs\bin;C:\Program Files\Haskell Platform\8.6.5\bin;C:\WINDOWS\system32;C:\WINDOWS;C:\WINDOWS\System32\Wbem;C:\WINDOWS\System32\WindowsPowerShell\v1.0;C:\WINDOWS\System32\OpenSSH;C:\Program Files\Haskell Platform\8.6.5\mingw\bin;C:\Program Files\Git\cmd;C:\Program Files\Java\openjfx-11.0.2_windows-x64_bin-sdk;C:\Users\yanis\Bureau\apache-maven-3.6.3-bin\apache-maven-3.6.3\bin;C:\Program Files\Java\jdk-11\bin;C:\Program Files (x86)\PuTTY;C:\Users\yanis\Bureau\sonar-scanner\sonar-scanner-4.2.0.1873-windows\bin;C:\wamp64\bin\php\php7.3.21;C:\composer;C:\Program Files\Symfony;C:\Program Files (x86)\sqlite;C:\Program Files\nodejs;C:\ProgramData\chocolatey\bin;C:\Program Files\Docker\Docker\resources\bin;C:\ProgramData\DockerDesktop\version-bin;C:\Users\yanis\AppData\Roaming\cabal\bin;C:\Users\yanis\AppData\Roaming\local\bin;C:\Users\yanis\AppData\Local\Microsoft\WindowsApps;C:\Users\yanis\OneDrive\Bureau\apache-ant-1.10.7-bin\apache-ant-1.10.7\bin;C:\Program Files\graphviz-2.38\release\bin;C:\Users\yanis\AppData\Local\Programs\Microsoft VS Code\bin;C:\Program Files\Java\jdk-11.0.6;C:\Program Files\JetBrains\PhpStorm 2020.2.3\bin;C:\Users\yanis\AppData\Roaming\Composer\vendor\bin;C:\Users\yanis\AppData\Local\Google\Cloud SDK\google-cloud-sdk\bin;C:\Users\yanis\AppData\Roaming\npm;C:\Users\yanis\AppData\Local\Microsoft\WindowsApps
USERNAME=yanis
DISPLAY=:0.0
LC_ALL=en_US.UTF-8
OS=Windows_NT
PROCESSOR_IDENTIFIER=AMD64 Family 23 Model 24 Stepping 1, AuthenticAMD



---------------  S Y S T E M  ---------------

OS: Windows 10 , 64 bit Build 19041 (10.0.19041.804)
OS uptime: 10 days 10:55 hours
HyperV virtualization detected

CPU:total 8 (initial active 8) (8 cores per cpu, 2 threads per core) family 23 model 24 stepping 1, cmov, cx8, fxsr, mmx, sse, sse2, sse3, ssse3, sse4.1, sse4.2, popcnt, avx, avx2, aes, clmul, mmxext, 3dnowpref, lzcnt, sse4a, ht, tsc, tscinvbit, tscinv, bmi1, bmi2, adx, sha, fma

Memory: 4k page, system-wide physical 6020M (386M free)
TotalPageFile size 24452M (AvailPageFile size 5M)
current process WorkingSet (physical memory assigned to process): 9M, peak: 9M
current process commit charge ("private bytes"): 57M, peak: 58M

vm_info: OpenJDK 64-Bit Server VM (11.0.8+10-b944.34) for windows-amd64 JRE (11.0.8+10-b944.34), built on Sep 11 2020 15:32:11 by "" with MS VC++ 14.0 (VS2015)

END.
